<?xml version="1.0" encoding="UTF-8"?>
<testng-results skipped="0" failed="0" ignored="0" total="2" passed="2">
  <reporter-output>
  </reporter-output>
  <suite name="example suite 1" duration-ms="80" started-at="2022-01-27T11:06:13Z" finished-at="2022-01-27T11:06:13Z">
    <groups>
    </groups>
    <test name="Regression suite 1" duration-ms="80" started-at="2022-01-27T11:06:13Z" finished-at="2022-01-27T11:06:13Z">
      <class name="test1.Class1">
        <test-method status="PASS" signature="FirstTest()[pri:0, instance:test1.Class1@60f82f98]" name="FirstTest" duration-ms="8" started-at="2022-01-27T11:06:13Z" finished-at="2022-01-27T11:06:13Z">
          <reporter-output>
          </reporter-output>
        </test-method> <!-- FirstTest -->
      </class> <!-- test1.Class1 -->
      <class name="test1.Class2">
        <test-method status="PASS" signature="SecondTest()[pri:0, instance:test1.Class2@edf4efb]" name="SecondTest" duration-ms="0" started-at="2022-01-27T11:06:13Z" finished-at="2022-01-27T11:06:13Z">
          <reporter-output>
          </reporter-output>
        </test-method> <!-- SecondTest -->
      </class> <!-- test1.Class2 -->
    </test> <!-- Regression suite 1 -->
  </suite> <!-- example suite 1 -->
</testng-results>
